0 info it worked if it ends with ok
1 verbose cli [ '/usr/local/Cellar/node/6.6.0/bin/node',
1 verbose cli   '/Users/silvanagoberdhan-vigle/.node/bin/npm',
1 verbose cli   'run',
1 verbose cli   'test' ]
2 info using npm@3.10.6
3 info using node@v6.6.0
4 verbose config Skipping project config: /Users/silvanagoberdhan-vigle/.npmrc. (matches userconfig)
5 verbose stack Error: ENOENT: no such file or directory, open '/Users/silvanagoberdhan-vigle/package.json'
5 verbose stack     at Error (native)
6 verbose cwd /Users/silvanagoberdhan-vigle/Development/code/thirteenth-week/robotSimulator.js-web-0716
7 error Darwin 15.2.0
8 error argv "/usr/local/Cellar/node/6.6.0/bin/node" "/Users/silvanagoberdhan-vigle/.node/bin/npm" "run" "test"
9 error node v6.6.0
10 error npm  v3.10.6
11 error path /Users/silvanagoberdhan-vigle/package.json
12 error code ENOENT
13 error errno -2
14 error syscall open
15 error enoent ENOENT: no such file or directory, open '/Users/silvanagoberdhan-vigle/package.json'
16 error enoent ENOENT: no such file or directory, open '/Users/silvanagoberdhan-vigle/package.json'
16 error enoent This is most likely not a problem with npm itself
16 error enoent and is related to npm not being able to find a file.
17 verbose exit [ -2, true ]
